c:\users\земцева\documents\visual studio 2015\projects\drob\drob\debug\vc140.pdb
c:\users\земцева\documents\visual studio 2015\projects\drob\drob\debug\vc140.idb
c:\users\земцева\documents\visual studio 2015\projects\drob\drob\debug\drob.obj
c:\users\земцева\documents\visual studio 2015\projects\drob\drob\debug\main.obj
c:\users\земцева\documents\visual studio 2015\projects\drob\debug\drob.ilk
c:\users\земцева\documents\visual studio 2015\projects\drob\debug\drob.exe
c:\users\земцева\documents\visual studio 2015\projects\drob\debug\drob.pdb
c:\users\закировд\desktop\class-work\drob\drob\debug\drob.obj
c:\users\закировд\desktop\class-work\drob\drob\debug\main.obj
c:\users\закировд\desktop\class-work\drob\drob\debug\vc140.idb
c:\users\закировд\desktop\class-work\drob\drob\debug\vc140.pdb
c:\users\закировд\desktop\class-work\drob\debug\drob.pdb
c:\users\закировд\desktop\class-work\drob\debug\drob.exe
c:\users\закировд\desktop\class-work\drob\debug\drob.ilk
c:\users\закировд\desktop\class-work\drob\drob\debug\drob.tlog\cl.command.1.tlog
c:\users\закировд\desktop\class-work\drob\drob\debug\drob.tlog\cl.read.1.tlog
c:\users\закировд\desktop\class-work\drob\drob\debug\drob.tlog\cl.write.1.tlog
c:\users\закировд\desktop\class-work\drob\drob\debug\drob.tlog\link.command.1.tlog
c:\users\закировд\desktop\class-work\drob\drob\debug\drob.tlog\link.read.1.tlog
c:\users\закировд\desktop\class-work\drob\drob\debug\drob.tlog\link.write.1.tlog
